<?xml version="1.0" encoding="UTF-8"?>
<testng-results skipped="0" failed="0" ignored="0" total="2" passed="2">
  <reporter-output>
  </reporter-output>
  <suite name="Suite" duration-ms="49835" started-at="2021-11-08T09:38:17Z" finished-at="2021-11-08T09:39:07Z">
    <groups>
    </groups>
    <test name="TestIOS" duration-ms="23305" started-at="2021-11-08T09:38:17Z" finished-at="2021-11-08T09:38:41Z">
      <class name="com.experitest.auto.IOSDemoTest">
        <test-method status="PASS" signature="setUp(java.lang.String)[pri:0, instance:com.experitest.auto.IOSDemoTest@f6c48ac]" name="setUp" is-config="true" duration-ms="19628" started-at="2021-11-08T15:08:17Z" finished-at="2021-11-08T15:08:37Z">
          <params>
            <param index="0">
              <value>
                <![CDATA[@os='ios']]>
              </value>
            </param>
          </params>
          <reporter-output>
          </reporter-output>
        </test-method> <!-- setUp -->
        <test-method status="PASS" signature="test()[pri:0, instance:com.experitest.auto.IOSDemoTest@f6c48ac]" name="test" duration-ms="4" started-at="2021-11-08T15:08:37Z" finished-at="2021-11-08T15:08:37Z">
          <reporter-output>
          </reporter-output>
        </test-method> <!-- test -->
        <test-method status="PASS" signature="tearDown()[pri:0, instance:com.experitest.auto.IOSDemoTest@f6c48ac]" name="tearDown" is-config="true" duration-ms="3662" started-at="2021-11-08T15:08:37Z" finished-at="2021-11-08T15:08:41Z">
          <reporter-output>
          </reporter-output>
        </test-method> <!-- tearDown -->
      </class> <!-- com.experitest.auto.IOSDemoTest -->
    </test> <!-- TestIOS -->
    <test name="TestAndroid" duration-ms="49835" started-at="2021-11-08T09:38:17Z" finished-at="2021-11-08T09:39:07Z">
      <class name="com.experitest.auto.AndroidDemoTest">
        <test-method status="PASS" signature="setUp(java.lang.String)[pri:0, instance:com.experitest.auto.AndroidDemoTest@3f49dace]" name="setUp" is-config="true" duration-ms="39395" started-at="2021-11-08T15:08:17Z" finished-at="2021-11-08T15:08:57Z">
          <params>
            <param index="0">
              <value>
                <![CDATA[@os='android']]>
              </value>
            </param>
          </params>
          <reporter-output>
          </reporter-output>
        </test-method> <!-- setUp -->
        <test-method status="PASS" signature="test()[pri:0, instance:com.experitest.auto.AndroidDemoTest@3f49dace]" name="test" duration-ms="17" started-at="2021-11-08T15:08:57Z" finished-at="2021-11-08T15:08:57Z">
          <reporter-output>
          </reporter-output>
        </test-method> <!-- test -->
        <test-method status="PASS" signature="tearDown()[pri:0, instance:com.experitest.auto.AndroidDemoTest@3f49dace]" name="tearDown" is-config="true" duration-ms="10411" started-at="2021-11-08T15:08:57Z" finished-at="2021-11-08T15:09:07Z">
          <reporter-output>
          </reporter-output>
        </test-method> <!-- tearDown -->
      </class> <!-- com.experitest.auto.AndroidDemoTest -->
    </test> <!-- TestAndroid -->
  </suite> <!-- Suite -->
</testng-results>
